<?xml version="1.0" encoding="UTF-8"?>
<testng-results ignored="0" total="1" passed="1" failed="0" skipped="0">
  <reporter-output>
  </reporter-output>
  <suite started-at="2025-03-03T15:46:12 IST" name="Suite" finished-at="2025-03-03T15:46:40 IST" duration-ms="28679">
    <groups>
    </groups>
    <test started-at="2025-03-03T15:46:12 IST" name="Test" finished-at="2025-03-03T15:46:40 IST" duration-ms="28679">
      <class name="testCases.TC001_AccountRegistrationTest">
        <test-method is-config="true" signature="setup(java.lang.String,java.lang.String)[pri:0, instance:testCases.TC001_AccountRegistrationTest@7d9d0818]" started-at="2025-03-03T15:46:12 IST" name="setup" finished-at="2025-03-03T15:46:33 IST" duration-ms="21209" status="PASS">
          <params>
            <param index="0">
              <value>
                <![CDATA[Windows]]>
              </value>
            </param>
            <param index="1">
              <value>
                <![CDATA[chrome]]>
              </value>
            </param>
          </params>
          <reporter-output>
          </reporter-output>
        </test-method> <!-- setup -->
        <test-method signature="verify_account_registration()[pri:0, instance:testCases.TC001_AccountRegistrationTest@7d9d0818]" started-at="2025-03-03T15:46:33 IST" name="verify_account_registration" finished-at="2025-03-03T15:46:38 IST" duration-ms="4633" status="PASS">
          <reporter-output>
          </reporter-output>
        </test-method> <!-- verify_account_registration -->
        <test-method is-config="true" signature="teardown()[pri:0, instance:testCases.TC001_AccountRegistrationTest@7d9d0818]" started-at="2025-03-03T15:46:38 IST" name="teardown" finished-at="2025-03-03T15:46:40 IST" duration-ms="2746" status="PASS">
          <reporter-output>
          </reporter-output>
        </test-method> <!-- teardown -->
      </class> <!-- testCases.TC001_AccountRegistrationTest -->
    </test> <!-- Test -->
  </suite> <!-- Suite -->
</testng-results>
